Build started 9/14/2011 7:55:03 PM.
     1>Project "C:\Users\Jeffrey\Documents\Visual Studio 2010\Projects\D3D9Teapot\D3D9Teapot\D3D9Teapot.vcxproj" on node 2 (build target(s)).
     1>InitializeBuildStatus:
         Creating "Debug\D3D9Teapot.unsuccessfulbuild" because "AlwaysCreate" was specified.
       ClCompile:
         C:\Program Files (x86)\Microsoft Visual Studio 10.0\VC\bin\CL.exe /c /ZI /nologo /W3 /WX- /Od /Oy- /D _UNICODE /D UNICODE /Gm /EHsc /RTC1 /MDd /GS /fp:precise /Zc:wchar_t /Zc:forScope /Fo"Debug\\" /Fd"Debug\vc100.pdb" /Gd /TP /analyze- /errorReport:prompt D3D9SimpleTeapot.cpp
         D3D9SimpleTeapot.cpp
     1>c:\users\jeffrey\documents\visual studio 2010\projects\d3d9teapot\d3d9teapot\d3d9simpleteapot.cpp(90): warning C4996: 'wcsncat': This function or variable may be unsafe. Consider using wcsncat_s instead. To disable deprecation, use _CRT_SECURE_NO_WARNINGS. See online help for details.
                 c:\program files (x86)\microsoft visual studio 10.0\vc\include\string.h(299) : see declaration of 'wcsncat'
     1>c:\users\jeffrey\documents\visual studio 2010\projects\d3d9teapot\d3d9teapot\d3d9simpleteapot.cpp(94): warning C4996: 'wcsncat': This function or variable may be unsafe. Consider using wcsncat_s instead. To disable deprecation, use _CRT_SECURE_NO_WARNINGS. See online help for details.
                 c:\program files (x86)\microsoft visual studio 10.0\vc\include\string.h(299) : see declaration of 'wcsncat'
     1>c:\users\jeffrey\documents\visual studio 2010\projects\d3d9teapot\d3d9teapot\d3d9simpleteapot.cpp(246): warning C4996: 'sprintf': This function or variable may be unsafe. Consider using sprintf_s instead. To disable deprecation, use _CRT_SECURE_NO_WARNINGS. See online help for details.
                 c:\program files (x86)\microsoft visual studio 10.0\vc\include\stdio.h(371) : see declaration of 'sprintf'
     1>c:\users\jeffrey\documents\visual studio 2010\projects\d3d9teapot\d3d9teapot\d3d9simpleteapot.cpp(428): warning C4244: '=' : conversion from 'double' to 'FLOAT', possible loss of data
       ResourceCompile:
         All outputs are up-to-date.
       Link:
         C:\Program Files (x86)\Microsoft Visual Studio 10.0\VC\bin\link.exe /ERRORREPORT:PROMPT /OUT:"C:\Users\Jeffrey\Documents\Visual Studio 2010\Projects\D3D9Teapot\Debug\D3D9Teapot.exe" /NOLOGO /LIBPATH:"C:\Program Files (x86)\Microsoft DirectX SDK (June 2010)\\Lib\x86" d3d9.lib d3dx9.lib kernel32.lib user32.lib gdi32.lib winspool.lib comdlg32.lib advapi32.lib shell32.lib ole32.lib oleaut32.lib uuid.lib odbc32.lib odbccp32.lib kernel32.lib user32.lib gdi32.lib winspool.lib comdlg32.lib advapi32.lib shell32.lib ole32.lib oleaut32.lib uuid.lib odbc32.lib odbccp32.lib /MANIFEST /ManifestFile:"Debug\D3D9Teapot.exe.intermediate.manifest" /MANIFESTUAC:"level='asInvoker' uiAccess='false'" /DEBUG /PDB:"C:\Users\Jeffrey\Documents\Visual Studio 2010\Projects\D3D9Teapot\Debug\D3D9Teapot.pdb" /TLBID:1 /DYNAMICBASE /NXCOMPAT /IMPLIB:"C:\Users\Jeffrey\Documents\Visual Studio 2010\Projects\D3D9Teapot\Debug\D3D9Teapot.lib" /MACHINE:X86 Debug\D3D9SimpleTeapot.res
         Debug\D3D9SimpleTeapot.obj
         Debug\SceneGraph.obj
         Debug\stdafx.obj
         LINK : C:\Users\Jeffrey\Documents\Visual Studio 2010\Projects\D3D9Teapot\Debug\D3D9Teapot.exe not found or not built by the last incremental link; performing full link
         D3D9Teapot.vcxproj -> C:\Users\Jeffrey\Documents\Visual Studio 2010\Projects\D3D9Teapot\Debug\D3D9Teapot.exe
       Manifest:
         C:\Program Files (x86)\Microsoft SDKs\Windows\v7.0A\bin\mt.exe /nologo /verbose /outputresource:"C:\Users\Jeffrey\Documents\Visual Studio 2010\Projects\D3D9Teapot\Debug\D3D9Teapot.exe;#1" /manifest Debug\D3D9Teapot.exe.intermediate.manifest
       FinalizeBuildStatus:
         Deleting file "Debug\D3D9Teapot.unsuccessfulbuild".
         Touching "Debug\D3D9Teapot.lastbuildstate".
     1>Done Building Project "C:\Users\Jeffrey\Documents\Visual Studio 2010\Projects\D3D9Teapot\D3D9Teapot\D3D9Teapot.vcxproj" (build target(s)).

Build succeeded.

Time Elapsed 00:00:01.32
